<?xml version="1.0" encoding="UTF-8"?>
<testsuite name="net.techeco.numbergame.NumbergameApplicationTests" tests="1" skipped="0" failures="0" errors="0" timestamp="2019-12-15T11:47:00" hostname="TUNVSE61897" time="0.441">
  <properties/>
  <testcase name="contextLoads()" classname="net.techeco.numbergame.NumbergameApplicationTests" time="0.441"/>
  <system-out><![CDATA[20:46:48.845 [Test worker] DEBUG org.springframework.test.context.BootstrapUtils - Instantiating CacheAwareContextLoaderDelegate from class [org.springframework.test.context.cache.DefaultCacheAwareContextLoaderDelegate]
20:46:49.084 [Test worker] DEBUG org.springframework.test.context.BootstrapUtils - Instantiating BootstrapContext using constructor [public org.springframework.test.context.support.DefaultBootstrapContext(java.lang.Class,org.springframework.test.context.CacheAwareContextLoaderDelegate)]
20:46:49.281 [Test worker] DEBUG org.springframework.test.context.BootstrapUtils - Instantiating TestContextBootstrapper for test class [net.techeco.numbergame.NumbergameApplicationTests] from class [org.springframework.boot.test.context.SpringBootTestContextBootstrapper]
20:46:49.780 [Test worker] INFO org.springframework.boot.test.context.SpringBootTestContextBootstrapper - Neither @ContextConfiguration nor @ContextHierarchy found for test class [net.techeco.numbergame.NumbergameApplicationTests], using SpringBootContextLoader
20:46:49.793 [Test worker] DEBUG org.springframework.test.context.support.AbstractContextLoader - Did not detect default resource location for test class [net.techeco.numbergame.NumbergameApplicationTests]: class path resource [net/techeco/numbergame/NumbergameApplicationTests-context.xml] does not exist
20:46:49.797 [Test worker] DEBUG org.springframework.test.context.support.AbstractContextLoader - Did not detect default resource location for test class [net.techeco.numbergame.NumbergameApplicationTests]: class path resource [net/techeco/numbergame/NumbergameApplicationTestsContext.groovy] does not exist
20:46:49.797 [Test worker] INFO org.springframework.test.context.support.AbstractContextLoader - Could not detect default resource locations for test class [net.techeco.numbergame.NumbergameApplicationTests]: no resource found for suffixes {-context.xml, Context.groovy}.
20:46:49.797 [Test worker] INFO org.springframework.test.context.support.AnnotationConfigContextLoaderUtils - Could not detect default configuration classes for test class [net.techeco.numbergame.NumbergameApplicationTests]: NumbergameApplicationTests does not declare any static, non-private, non-final, nested classes annotated with @Configuration.
20:46:50.291 [Test worker] DEBUG org.springframework.test.context.support.ActiveProfilesUtils - Could not find an 'annotation declaring class' for annotation type [org.springframework.test.context.ActiveProfiles] and class [net.techeco.numbergame.NumbergameApplicationTests]
20:46:50.771 [Test worker] DEBUG org.springframework.context.annotation.ClassPathScanningCandidateComponentProvider - Identified candidate component class: file [E:\Jobs\20191010_GameProfile\Wizcorp\NumberGame-SourceCode\build\classes\java\main\net\techeco\numbergame\NumbergameApplication.class]
20:46:50.771 [Test worker] INFO org.springframework.boot.test.context.SpringBootTestContextBootstrapper - Found @SpringBootConfiguration net.techeco.numbergame.NumbergameApplication for test class net.techeco.numbergame.NumbergameApplicationTests
20:46:51.299 [Test worker] DEBUG org.springframework.boot.test.context.SpringBootTestContextBootstrapper - @TestExecutionListeners is not present for class [net.techeco.numbergame.NumbergameApplicationTests]: using defaults.
20:46:51.299 [Test worker] INFO org.springframework.boot.test.context.SpringBootTestContextBootstrapper - Loaded default TestExecutionListener class names from location [META-INF/spring.factories]: [org.springframework.test.context.web.ServletTestExecutionListener, org.springframework.test.context.support.DirtiesContextBeforeModesTestExecutionListener, org.springframework.test.context.support.DependencyInjectionTestExecutionListener, org.springframework.test.context.support.DirtiesContextTestExecutionListener, org.springframework.test.context.transaction.TransactionalTestExecutionListener, org.springframework.test.context.jdbc.SqlScriptsTestExecutionListener, org.springframework.test.context.event.EventPublishingTestExecutionListener, org.springframework.boot.test.autoconfigure.restdocs.RestDocsTestExecutionListener, org.springframework.boot.test.autoconfigure.web.client.MockRestServiceServerResetTestExecutionListener, org.springframework.boot.test.autoconfigure.web.servlet.MockMvcPrintOnlyOnFailureTestExecutionListener, org.springframework.boot.test.autoconfigure.web.servlet.WebDriverTestExecutionListener, org.springframework.boot.test.mock.mockito.MockitoTestExecutionListener, org.springframework.boot.test.mock.mockito.ResetMocksTestExecutionListener]
20:46:51.335 [Test worker] DEBUG org.springframework.boot.test.context.SpringBootTestContextBootstrapper - Skipping candidate TestExecutionListener [org.springframework.test.context.transaction.TransactionalTestExecutionListener] due to a missing dependency. Specify custom listener classes or make the default listener classes and their required dependencies available. Offending class: [org/springframework/transaction/interceptor/TransactionAttributeSource]
20:46:51.335 [Test worker] DEBUG org.springframework.boot.test.context.SpringBootTestContextBootstrapper - Skipping candidate TestExecutionListener [org.springframework.test.context.jdbc.SqlScriptsTestExecutionListener] due to a missing dependency. Specify custom listener classes or make the default listener classes and their required dependencies available. Offending class: [org/springframework/transaction/interceptor/TransactionAttribute]
20:46:51.339 [Test worker] INFO org.springframework.boot.test.context.SpringBootTestContextBootstrapper - Using TestExecutionListeners: [org.springframework.test.context.web.ServletTestExecutionListener@5d9e251b, org.springframework.test.context.support.DirtiesContextBeforeModesTestExecutionListener@6d3b65a5, org.springframework.boot.test.mock.mockito.MockitoTestExecutionListener@4ee1ee46, org.springframework.boot.test.autoconfigure.SpringBootDependencyInjectionTestExecutionListener@18373aa0, org.springframework.test.context.support.DirtiesContextTestExecutionListener@34ad6240, org.springframework.test.context.event.EventPublishingTestExecutionListener@20d2f3d, org.springframework.boot.test.autoconfigure.restdocs.RestDocsTestExecutionListener@435f62e4, org.springframework.boot.test.autoconfigure.web.client.MockRestServiceServerResetTestExecutionListener@629ca215, org.springframework.boot.test.autoconfigure.web.servlet.MockMvcPrintOnlyOnFailureTestExecutionListener@3dfc6364, org.springframework.boot.test.autoconfigure.web.servlet.WebDriverTestExecutionListener@56e3d721, org.springframework.boot.test.mock.mockito.ResetMocksTestExecutionListener@6e93d75b]
20:46:51.347 [Test worker] DEBUG org.springframework.test.context.support.AbstractDirtiesContextTestExecutionListener - Before test class: context [DefaultTestContext@4abf4dcc testClass = NumbergameApplicationTests, testInstance = [null], testMethod = [null], testException = [null], mergedContextConfiguration = [WebMergedContextConfiguration@6d4a021 testClass = NumbergameApplicationTests, locations = '{}', classes = '{class net.techeco.numbergame.NumbergameApplication}', contextInitializerClasses = '[]', activeProfiles = '{}', propertySourceLocations = '{}', propertySourceProperties = '{org.springframework.boot.test.context.SpringBootTestContextBootstrapper=true}', contextCustomizers = set[org.springframework.boot.test.autoconfigure.properties.PropertyMappingContextCustomizer@0, org.springframework.boot.test.autoconfigure.web.servlet.WebDriverContextCustomizerFactory$Customizer@2c4ade65, org.springframework.boot.test.context.filter.ExcludeFilterContextCustomizer@6255e6c5, org.springframework.boot.test.json.DuplicateJsonObjectContextCustomizerFactory$DuplicateJsonObjectContextCustomizer@3c83290a, org.springframework.boot.test.mock.mockito.MockitoContextCustomizer@0, org.springframework.boot.test.web.client.TestRestTemplateContextCustomizer@25db2006], resourceBasePath = 'src/main/webapp', contextLoader = 'org.springframework.boot.test.context.SpringBootContextLoader', parent = [null]], attributes = map['org.springframework.test.context.web.ServletTestExecutionListener.activateListener' -> true]], class annotated with @DirtiesContext [false] with mode [null].
20:46:51.456 [Test worker] DEBUG org.springframework.test.context.support.TestPropertySourceUtils - Adding inlined properties to environment: {spring.jmx.enabled=false, org.springframework.boot.test.context.SpringBootTestContextBootstrapper=true, server.port=-1}

  .   ____          _            __ _ _
 /\\ / ___'_ __ _ _(_)_ __  __ _ \ \ \ \
( ( )\___ | '_ | '_| | '_ \/ _` | \ \ \ \
 \\/  ___)| |_)| | | | | || (_| |  ) ) ) )
  '  |____| .__|_| |_|_| |_\__, | / / / /
 =========|_|==============|___/=/_/_/_/
 :: Spring Boot ::        (v2.2.1.RELEASE)

2019-12-15 20:46:53.004  INFO 11952 --- [    Test worker] n.t.n.NumbergameApplicationTests         : Starting NumbergameApplicationTests on TUNVSE61897 with PID 11952 (started by LENOVO in E:\Jobs\20191010_GameProfile\Wizcorp\NumberGame-SourceCode)
2019-12-15 20:46:53.004  INFO 11952 --- [    Test worker] n.t.n.NumbergameApplicationTests         : No active profile set, falling back to default profiles: default
2019-12-15 20:46:57.687  INFO 11952 --- [    Test worker] trationDelegate$BeanPostProcessorChecker : Bean 'org.springframework.ws.config.annotation.DelegatingWsConfiguration' of type [org.springframework.ws.config.annotation.DelegatingWsConfiguration$$EnhancerBySpringCGLIB$$9eff81d9] is not eligible for getting processed by all BeanPostProcessors (for example: not eligible for auto-proxying)
2019-12-15 20:46:57.966  INFO 11952 --- [    Test worker] .w.s.a.s.AnnotationActionEndpointMapping : Supporting [WS-Addressing August 2004, WS-Addressing 1.0]
2019-12-15 20:46:59.001  INFO 11952 --- [    Test worker] o.s.s.concurrent.ThreadPoolTaskExecutor  : Initializing ExecutorService 'applicationTaskExecutor'
2019-12-15 20:46:59.306  INFO 11952 --- [    Test worker] o.s.b.a.w.s.WelcomePageHandlerMapping    : Adding welcome page template: index
2019-12-15 20:47:00.044  INFO 11952 --- [    Test worker] n.t.n.NumbergameApplicationTests         : Started NumbergameApplicationTests in 8.505 seconds (JVM running for 16.645)
]]></system-out>
  <system-err><![CDATA[]]></system-err>
</testsuite>
